<?xml version="1.0" encoding="UTF-8"?>
<!-- Generated by org.testng.reporters.JUnitReportReporter -->
<testsuite hostname="KRISHNA" failures="0" tests="2" name="CW.CAP.JavaClasses" time="0.018" errors="0" timestamp="2022-02-28T21:29:15 IST" skipped="0">
  <testcase classname="CW.CAP.JavaClasses" name="print1" time="0.014"/>
  <system-out/>
  <testcase classname="CW.CAP.JavaClasses" name="print2" time="0.004"/>
  <system-out/>
</testsuite> <!-- CW.CAP.JavaClasses -->
