<?xml version="1.0" encoding="UTF-8"?>
<!-- Generated by org.testng.reporters.JUnitReportReporter -->
<testsuite hostname="KRISHNA" failures="0" tests="2" name="CW.CAP.Runner" time="74.040" errors="0" timestamp="2023-02-19T19:24:06 IST" skipped="0">
  <testcase classname="CW.CAP.Runner" name="runScenario" time="23.326"/>
  <system-out/>
  <testcase classname="CW.CAP.Runner" name="runScenario" time="50.714"/>
  <system-out/>
</testsuite> <!-- CW.CAP.Runner -->
