<?xml version="1.0" encoding="UTF-8"?>
<!-- Generated by org.testng.reporters.JUnitReportReporter -->
<testsuite hostname="KRISHNA" failures="0" tests="1" name="TestNG.Runner2" time="0.177" errors="0" timestamp="2022-03-01T08:52:15 IST" skipped="0">
  <testcase classname="TestNG.Runner2" name="runScenario" time="0.177"/>
  <system-out/>
</testsuite> <!-- TestNG.Runner2 -->
