<?xml version="1.0" encoding="UTF-8"?>
<!-- Generated by org.testng.reporters.JUnitReportReporter -->
<testsuite hostname="KRISHNA" failures="0" tests="1" name="CW.CAP.Running" time="113.095" errors="0" timestamp="2022-02-28T21:02:35 IST" skipped="0">
  <testcase classname="CW.CAP.Running" name="runScenario" time="113.095"/>
  <system-out/>
</testsuite> <!-- CW.CAP.Running -->
