<?xml version="1.0" encoding="UTF-8"?>
<!-- Generated by org.testng.reporters.JUnitReportReporter -->
<testsuite hostname="KRISHNA" failures="0" tests="2" name="CW.CAP.Runner2" time="67.723" errors="0" timestamp="2022-02-28T22:01:22 IST" skipped="0">
  <testcase classname="CW.CAP.Runner2" name="runScenario" time="0.015"/>
  <system-out/>
  <testcase classname="CW.CAP.Runner2" name="runScenario" time="67.708"/>
  <system-out/>
</testsuite> <!-- CW.CAP.Runner2 -->
